[0.254s] Invoking command in '/home/rosdev/ros2_ws/build/ghuboss_py_pkg': PYTHONPATH=/home/rosdev/ros2_ws/build/ghuboss_py_pkg/prefix_override:/home/rosdev/ros2_ws/install/ghuboss_py_pkg/lib/python3.10/site-packages:${PYTHONPATH} /usr/bin/python3 -W ignore:setup.py install is deprecated setup.py develop --uninstall --editable --build-directory /home/rosdev/ros2_ws/build/ghuboss_py_pkg/build
[0.360s] running develop
[0.360s] /usr/lib/python3/dist-packages/setuptools/command/easy_install.py:158: EasyInstallDeprecationWarning: easy_install command is deprecated. Use build and pip and other standards-based tools.
[0.360s]   warnings.warn(
[0.399s] Removing /home/rosdev/ros2_ws/install/ghuboss_py_pkg/lib/python3.10/site-packages/ghuboss-py-pkg.egg-link (link to .)
[0.413s] Invoked command in '/home/rosdev/ros2_ws/build/ghuboss_py_pkg' returned '0': PYTHONPATH=/home/rosdev/ros2_ws/build/ghuboss_py_pkg/prefix_override:/home/rosdev/ros2_ws/install/ghuboss_py_pkg/lib/python3.10/site-packages:${PYTHONPATH} /usr/bin/python3 -W ignore:setup.py install is deprecated setup.py develop --uninstall --editable --build-directory /home/rosdev/ros2_ws/build/ghuboss_py_pkg/build
[0.414s] Invoking command in '/home/rosdev/ros2_ws/src/ghuboss_py_pkg': PYTHONPATH=/home/rosdev/ros2_ws/build/ghuboss_py_pkg/prefix_override:/home/rosdev/ros2_ws/install/ghuboss_py_pkg/lib/python3.10/site-packages:${PYTHONPATH} /usr/bin/python3 -W ignore:setup.py install is deprecated setup.py egg_info --egg-base ../../build/ghuboss_py_pkg build --build-base /home/rosdev/ros2_ws/build/ghuboss_py_pkg/build install --record /home/rosdev/ros2_ws/build/ghuboss_py_pkg/install.log --single-version-externally-managed install_data --force
[0.510s] running egg_info
[0.510s] writing ../../build/ghuboss_py_pkg/ghuboss_py_pkg.egg-info/PKG-INFO
[0.511s] writing dependency_links to ../../build/ghuboss_py_pkg/ghuboss_py_pkg.egg-info/dependency_links.txt
[0.511s] writing entry points to ../../build/ghuboss_py_pkg/ghuboss_py_pkg.egg-info/entry_points.txt
[0.511s] writing requirements to ../../build/ghuboss_py_pkg/ghuboss_py_pkg.egg-info/requires.txt
[0.511s] writing top-level names to ../../build/ghuboss_py_pkg/ghuboss_py_pkg.egg-info/top_level.txt
[0.512s] reading manifest file '../../build/ghuboss_py_pkg/ghuboss_py_pkg.egg-info/SOURCES.txt'
[0.512s] writing manifest file '../../build/ghuboss_py_pkg/ghuboss_py_pkg.egg-info/SOURCES.txt'
[0.512s] running build
[0.512s] running build_py
[0.512s] copying ghuboss_py_pkg/my_test_node.py -> /home/rosdev/ros2_ws/build/ghuboss_py_pkg/build/lib/ghuboss_py_pkg
[0.512s] copying ghuboss_py_pkg/number_publisher_node.py -> /home/rosdev/ros2_ws/build/ghuboss_py_pkg/build/lib/ghuboss_py_pkg
[0.512s] running install
[0.512s] running install_lib
[0.513s] creating /home/rosdev/ros2_ws/install/ghuboss_py_pkg/lib/python3.10/site-packages/ghuboss_py_pkg
[0.513s] copying /home/rosdev/ros2_ws/build/ghuboss_py_pkg/build/lib/ghuboss_py_pkg/__init__.py -> /home/rosdev/ros2_ws/install/ghuboss_py_pkg/lib/python3.10/site-packages/ghuboss_py_pkg
[0.513s] copying /home/rosdev/ros2_ws/build/ghuboss_py_pkg/build/lib/ghuboss_py_pkg/my_test_node.py -> /home/rosdev/ros2_ws/install/ghuboss_py_pkg/lib/python3.10/site-packages/ghuboss_py_pkg
[0.513s] copying /home/rosdev/ros2_ws/build/ghuboss_py_pkg/build/lib/ghuboss_py_pkg/number_publisher_node.py -> /home/rosdev/ros2_ws/install/ghuboss_py_pkg/lib/python3.10/site-packages/ghuboss_py_pkg
[0.513s] byte-compiling /home/rosdev/ros2_ws/install/ghuboss_py_pkg/lib/python3.10/site-packages/ghuboss_py_pkg/__init__.py to __init__.cpython-310.pyc
[0.513s] byte-compiling /home/rosdev/ros2_ws/install/ghuboss_py_pkg/lib/python3.10/site-packages/ghuboss_py_pkg/my_test_node.py to my_test_node.cpython-310.pyc
[0.514s] byte-compiling /home/rosdev/ros2_ws/install/ghuboss_py_pkg/lib/python3.10/site-packages/ghuboss_py_pkg/number_publisher_node.py to number_publisher_node.cpython-310.pyc
[0.514s] running install_data
[0.514s] copying resource/ghuboss_py_pkg -> /home/rosdev/ros2_ws/install/ghuboss_py_pkg/share/ament_index/resource_index/packages
[0.514s] copying package.xml -> /home/rosdev/ros2_ws/install/ghuboss_py_pkg/share/ghuboss_py_pkg
[0.514s] running install_egg_info
[0.515s] Copying ../../build/ghuboss_py_pkg/ghuboss_py_pkg.egg-info to /home/rosdev/ros2_ws/install/ghuboss_py_pkg/lib/python3.10/site-packages/ghuboss_py_pkg-0.0.0-py3.10.egg-info
[0.515s] running install_scripts
[0.527s] Installing my_sample_node script to /home/rosdev/ros2_ws/install/ghuboss_py_pkg/lib/ghuboss_py_pkg
[0.527s] Installing number_publisher script to /home/rosdev/ros2_ws/install/ghuboss_py_pkg/lib/ghuboss_py_pkg
[0.527s] writing list of installed files to '/home/rosdev/ros2_ws/build/ghuboss_py_pkg/install.log'
[0.541s] Invoked command in '/home/rosdev/ros2_ws/src/ghuboss_py_pkg' returned '0': PYTHONPATH=/home/rosdev/ros2_ws/build/ghuboss_py_pkg/prefix_override:/home/rosdev/ros2_ws/install/ghuboss_py_pkg/lib/python3.10/site-packages:${PYTHONPATH} /usr/bin/python3 -W ignore:setup.py install is deprecated setup.py egg_info --egg-base ../../build/ghuboss_py_pkg build --build-base /home/rosdev/ros2_ws/build/ghuboss_py_pkg/build install --record /home/rosdev/ros2_ws/build/ghuboss_py_pkg/install.log --single-version-externally-managed install_data --force
