[0.271s] Invoking command in '/home/rosdev/ros2_ws/src/ghuboss_py_pkg': PYTHONPATH=/home/rosdev/ros2_ws/src/build/ghuboss_py_pkg/prefix_override:/home/rosdev/ros2_ws/src/install/ghuboss_py_pkg/lib/python3.10/site-packages:${PYTHONPATH} /usr/bin/python3 -W ignore:setup.py install is deprecated setup.py egg_info --egg-base ../build/ghuboss_py_pkg build --build-base /home/rosdev/ros2_ws/src/build/ghuboss_py_pkg/build install --record /home/rosdev/ros2_ws/src/build/ghuboss_py_pkg/install.log --single-version-externally-managed install_data
[0.367s] running egg_info
[0.368s] writing ../build/ghuboss_py_pkg/ghuboss_py_pkg.egg-info/PKG-INFO
[0.368s] writing dependency_links to ../build/ghuboss_py_pkg/ghuboss_py_pkg.egg-info/dependency_links.txt
[0.368s] writing entry points to ../build/ghuboss_py_pkg/ghuboss_py_pkg.egg-info/entry_points.txt
[0.368s] writing requirements to ../build/ghuboss_py_pkg/ghuboss_py_pkg.egg-info/requires.txt
[0.368s] writing top-level names to ../build/ghuboss_py_pkg/ghuboss_py_pkg.egg-info/top_level.txt
[0.369s] reading manifest file '../build/ghuboss_py_pkg/ghuboss_py_pkg.egg-info/SOURCES.txt'
[0.369s] writing manifest file '../build/ghuboss_py_pkg/ghuboss_py_pkg.egg-info/SOURCES.txt'
[0.369s] running build
[0.369s] running build_py
[0.369s] running install
[0.369s] running install_lib
[0.370s] running install_data
[0.370s] running install_egg_info
[0.371s] removing '/home/rosdev/ros2_ws/src/install/ghuboss_py_pkg/lib/python3.10/site-packages/ghuboss_py_pkg-0.0.0-py3.10.egg-info' (and everything under it)
[0.371s] Copying ../build/ghuboss_py_pkg/ghuboss_py_pkg.egg-info to /home/rosdev/ros2_ws/src/install/ghuboss_py_pkg/lib/python3.10/site-packages/ghuboss_py_pkg-0.0.0-py3.10.egg-info
[0.371s] running install_scripts
[0.383s] Installing my_sample_node script to /home/rosdev/ros2_ws/src/install/ghuboss_py_pkg/lib/ghuboss_py_pkg
[0.383s] writing list of installed files to '/home/rosdev/ros2_ws/src/build/ghuboss_py_pkg/install.log'
[0.394s] Invoked command in '/home/rosdev/ros2_ws/src/ghuboss_py_pkg' returned '0': PYTHONPATH=/home/rosdev/ros2_ws/src/build/ghuboss_py_pkg/prefix_override:/home/rosdev/ros2_ws/src/install/ghuboss_py_pkg/lib/python3.10/site-packages:${PYTHONPATH} /usr/bin/python3 -W ignore:setup.py install is deprecated setup.py egg_info --egg-base ../build/ghuboss_py_pkg build --build-base /home/rosdev/ros2_ws/src/build/ghuboss_py_pkg/build install --record /home/rosdev/ros2_ws/src/build/ghuboss_py_pkg/install.log --single-version-externally-managed install_data
